<?xml version="1.0" encoding="UTF-8"?>
<coverage generated="1569571424471" clover="3.2.0">
  <project timestamp="1569571424471" name="All files">
    <metrics statements="59" coveredstatements="56" conditionals="46" coveredconditionals="42" methods="12" coveredmethods="9" elements="117" coveredelements="107" complexity="0" loc="59" ncloc="59" packages="1" files="2" classes="2"/>
    <file name="interval.js" path="/home/moreira/JEST/tp-jest/src/interval.js">
      <metrics statements="11" coveredstatements="10" conditionals="10" coveredconditionals="8" methods="7" coveredmethods="4"/>
      <line num="3" count="8" type="stmt"/>
      <line num="4" count="8" type="stmt"/>
      <line num="8" count="0" type="stmt"/>
      <line num="26" count="4" type="cond" truecount="2" falsecount="0"/>
      <line num="46" count="3" type="cond" truecount="2" falsecount="0"/>
      <line num="66" count="2" type="stmt"/>
      <line num="67" count="2" type="cond" truecount="2" falsecount="0"/>
      <line num="68" count="1" type="cond" truecount="2" falsecount="2"/>
      <line num="70" count="1" type="stmt"/>
      <line num="72" count="2" type="stmt"/>
      <line num="116" count="1" type="stmt"/>
    </file>
    <file name="math.js" path="/home/moreira/JEST/tp-jest/src/math.js">
      <metrics statements="48" coveredstatements="46" conditionals="36" coveredconditionals="34" methods="5" coveredmethods="5"/>
      <line num="1" count="1" type="stmt"/>
      <line num="2" count="1" type="stmt"/>
      <line num="3" count="11" type="cond" truecount="2" falsecount="0"/>
      <line num="4" count="3" type="stmt"/>
      <line num="7" count="8" type="cond" truecount="2" falsecount="0"/>
      <line num="8" count="1" type="stmt"/>
      <line num="11" count="7" type="cond" truecount="2" falsecount="0"/>
      <line num="12" count="1" type="stmt"/>
      <line num="15" count="6" type="stmt"/>
      <line num="26" count="1" type="stmt"/>
      <line num="27" count="21" type="cond" truecount="4" falsecount="0"/>
      <line num="28" count="2" type="stmt"/>
      <line num="30" count="19" type="cond" truecount="2" falsecount="0"/>
      <line num="31" count="1" type="stmt"/>
      <line num="33" count="18" type="stmt"/>
      <line num="34" count="92" type="cond" truecount="2" falsecount="0"/>
      <line num="35" count="11" type="stmt"/>
      <line num="49" count="1" type="stmt"/>
      <line num="50" count="2" type="stmt"/>
      <line num="51" count="2" type="stmt"/>
      <line num="52" count="12" type="cond" truecount="2" falsecount="0"/>
      <line num="53" count="7" type="stmt"/>
      <line num="56" count="2" type="stmt"/>
      <line num="71" count="1" type="stmt"/>
      <line num="72" count="1" type="stmt"/>
      <line num="73" count="1" type="stmt"/>
      <line num="74" count="15" type="cond" truecount="4" falsecount="0"/>
      <line num="75" count="1" type="stmt"/>
      <line num="76" count="14" type="cond" truecount="2" falsecount="0"/>
      <line num="77" count="4" type="stmt"/>
      <line num="78" count="10" type="cond" truecount="2" falsecount="0"/>
      <line num="79" count="2" type="stmt"/>
      <line num="81" count="8" type="stmt"/>
      <line num="84" count="1" type="stmt"/>
      <line num="96" count="1" type="stmt"/>
      <line num="97" count="3" type="stmt"/>
      <line num="98" count="3" type="stmt"/>
      <line num="99" count="33" type="cond" truecount="4" falsecount="0"/>
      <line num="100" count="5" type="stmt"/>
      <line num="101" count="28" type="cond" truecount="4" falsecount="0"/>
      <line num="102" count="26" type="stmt"/>
      <line num="103" count="2" type="cond" truecount="1" falsecount="1"/>
      <line num="104" count="0" type="stmt"/>
      <line num="105" count="2" type="cond" truecount="1" falsecount="1"/>
      <line num="106" count="0" type="stmt"/>
      <line num="107" count="2" type="stmt"/>
      <line num="109" count="3" type="stmt"/>
      <line num="113" count="1" type="stmt"/>
    </file>
  </project>
</coverage>
