<?xml version="1.0" encoding="UTF-8"?>
<coverage generated="1569768261418" clover="3.2.0">
  <project timestamp="1569768261418" name="All files">
    <metrics statements="109" coveredstatements="109" conditionals="76" coveredconditionals="76" methods="11" coveredmethods="11" elements="196" coveredelements="196" complexity="0" loc="109" ncloc="109" packages="1" files="2" classes="2"/>
    <file name="interval.js" path="/home/moreira/JEST/tp-jest/src/interval.js">
      <metrics statements="61" coveredstatements="61" conditionals="40" coveredconditionals="40" methods="6" coveredmethods="6"/>
      <line num="3" count="44" type="stmt"/>
      <line num="4" count="44" type="stmt"/>
      <line num="26" count="19" type="cond" truecount="2" falsecount="0"/>
      <line num="46" count="8" type="cond" truecount="2" falsecount="0"/>
      <line num="66" count="6" type="stmt"/>
      <line num="67" count="6" type="cond" truecount="2" falsecount="0"/>
      <line num="68" count="4" type="cond" truecount="2" falsecount="0"/>
      <line num="69" count="2" type="cond" truecount="2" falsecount="0"/>
      <line num="70" count="1" type="stmt"/>
      <line num="72" count="1" type="stmt"/>
      <line num="75" count="2" type="cond" truecount="2" falsecount="0"/>
      <line num="76" count="1" type="stmt"/>
      <line num="78" count="1" type="stmt"/>
      <line num="82" count="2" type="cond" truecount="4" falsecount="0"/>
      <line num="83" count="1" type="stmt"/>
      <line num="85" count="1" type="stmt"/>
      <line num="88" count="6" type="stmt"/>
      <line num="108" count="6" type="stmt"/>
      <line num="109" count="6" type="stmt"/>
      <line num="110" count="6" type="stmt"/>
      <line num="111" count="6" type="cond" truecount="2" falsecount="0"/>
      <line num="112" count="4" type="cond" truecount="2" falsecount="0"/>
      <line num="113" count="2" type="stmt"/>
      <line num="115" count="2" type="stmt"/>
      <line num="117" count="4" type="cond" truecount="2" falsecount="0"/>
      <line num="118" count="2" type="stmt"/>
      <line num="120" count="2" type="stmt"/>
      <line num="122" count="4" type="stmt"/>
      <line num="125" count="6" type="stmt"/>
      <line num="145" count="6" type="stmt"/>
      <line num="146" count="6" type="stmt"/>
      <line num="147" count="6" type="stmt"/>
      <line num="148" count="6" type="stmt"/>
      <line num="149" count="6" type="stmt"/>
      <line num="150" count="6" type="cond" truecount="6" falsecount="0"/>
      <line num="151" count="2" type="cond" truecount="2" falsecount="0"/>
      <line num="152" count="1" type="stmt"/>
      <line num="153" count="1" type="stmt"/>
      <line num="154" count="1" type="stmt"/>
      <line num="155" count="1" type="stmt"/>
      <line num="158" count="1" type="stmt"/>
      <line num="159" count="1" type="stmt"/>
      <line num="160" count="1" type="stmt"/>
      <line num="161" count="1" type="stmt"/>
      <line num="163" count="2" type="stmt"/>
      <line num="164" count="4" type="cond" truecount="4" falsecount="0"/>
      <line num="165" count="2" type="cond" truecount="2" falsecount="0"/>
      <line num="166" count="1" type="stmt"/>
      <line num="167" count="1" type="stmt"/>
      <line num="168" count="1" type="stmt"/>
      <line num="169" count="1" type="stmt"/>
      <line num="172" count="1" type="stmt"/>
      <line num="173" count="1" type="stmt"/>
      <line num="174" count="1" type="stmt"/>
      <line num="175" count="1" type="stmt"/>
      <line num="177" count="2" type="stmt"/>
      <line num="179" count="2" type="cond" truecount="4" falsecount="0"/>
      <line num="180" count="1" type="stmt"/>
      <line num="182" count="1" type="stmt"/>
      <line num="185" count="6" type="stmt"/>
      <line num="190" count="1" type="stmt"/>
    </file>
    <file name="math.js" path="/home/moreira/JEST/tp-jest/src/math.js">
      <metrics statements="48" coveredstatements="48" conditionals="36" coveredconditionals="36" methods="5" coveredmethods="5"/>
      <line num="1" count="1" type="stmt"/>
      <line num="2" count="1" type="stmt"/>
      <line num="3" count="11" type="cond" truecount="2" falsecount="0"/>
      <line num="4" count="3" type="stmt"/>
      <line num="7" count="8" type="cond" truecount="2" falsecount="0"/>
      <line num="8" count="1" type="stmt"/>
      <line num="11" count="7" type="cond" truecount="2" falsecount="0"/>
      <line num="12" count="1" type="stmt"/>
      <line num="15" count="6" type="stmt"/>
      <line num="26" count="1" type="stmt"/>
      <line num="27" count="21" type="cond" truecount="4" falsecount="0"/>
      <line num="28" count="2" type="stmt"/>
      <line num="30" count="19" type="cond" truecount="2" falsecount="0"/>
      <line num="31" count="1" type="stmt"/>
      <line num="33" count="18" type="stmt"/>
      <line num="34" count="92" type="cond" truecount="2" falsecount="0"/>
      <line num="35" count="11" type="stmt"/>
      <line num="49" count="1" type="stmt"/>
      <line num="50" count="2" type="stmt"/>
      <line num="51" count="2" type="stmt"/>
      <line num="52" count="12" type="cond" truecount="2" falsecount="0"/>
      <line num="53" count="7" type="stmt"/>
      <line num="56" count="2" type="stmt"/>
      <line num="71" count="1" type="stmt"/>
      <line num="72" count="1" type="stmt"/>
      <line num="73" count="1" type="stmt"/>
      <line num="74" count="15" type="cond" truecount="4" falsecount="0"/>
      <line num="75" count="1" type="stmt"/>
      <line num="76" count="14" type="cond" truecount="2" falsecount="0"/>
      <line num="77" count="4" type="stmt"/>
      <line num="78" count="10" type="cond" truecount="2" falsecount="0"/>
      <line num="79" count="2" type="stmt"/>
      <line num="81" count="8" type="stmt"/>
      <line num="84" count="1" type="stmt"/>
      <line num="96" count="1" type="stmt"/>
      <line num="97" count="3" type="stmt"/>
      <line num="98" count="3" type="stmt"/>
      <line num="99" count="36" type="cond" truecount="4" falsecount="0"/>
      <line num="100" count="10" type="stmt"/>
      <line num="101" count="26" type="cond" truecount="4" falsecount="0"/>
      <line num="102" count="17" type="stmt"/>
      <line num="103" count="9" type="cond" truecount="2" falsecount="0"/>
      <line num="104" count="1" type="stmt"/>
      <line num="105" count="8" type="cond" truecount="2" falsecount="0"/>
      <line num="106" count="1" type="stmt"/>
      <line num="107" count="7" type="stmt"/>
      <line num="109" count="3" type="stmt"/>
      <line num="113" count="1" type="stmt"/>
    </file>
  </project>
</coverage>
