{"/home/moreira/JEST/tp-jest/src/book.repository.js": {"path":"/home/moreira/JEST/tp-jest/src/book.repository.js","statementMap":{"0":{"start":{"line":7,"column":8},"end":{"line":7,"column":21}},"1":{"start":{"line":11,"column":8},"end":{"line":11,"column":48}},"2":{"start":{"line":18,"column":8},"end":{"line":18,"column":51}},"3":{"start":{"line":62,"column":0},"end":{"line":62,"column":32}}},"fnMap":{"0":{"name":"(anonymous_0)","decl":{"start":{"line":6,"column":4},"end":{"line":6,"column":5}},"loc":{"start":{"line":6,"column":20},"end":{"line":8,"column":5}},"line":6},"1":{"name":"(anonymous_1)","decl":{"start":{"line":10,"column":4},"end":{"line":10,"column":5}},"loc":{"start":{"line":10,"column":16},"end":{"line":12,"column":5}},"line":10},"2":{"name":"(anonymous_2)","decl":{"start":{"line":17,"column":4},"end":{"line":17,"column":5}},"loc":{"start":{"line":17,"column":20},"end":{"line":19,"column":5}},"line":17},"3":{"name":"(anonymous_3)","decl":{"start":{"line":24,"column":4},"end":{"line":24,"column":5}},"loc":{"start":{"line":24,"column":20},"end":{"line":26,"column":5}},"line":24},"4":{"name":"(anonymous_4)","decl":{"start":{"line":32,"column":4},"end":{"line":32,"column":5}},"loc":{"start":{"line":32,"column":28},"end":{"line":34,"column":5}},"line":32},"5":{"name":"(anonymous_5)","decl":{"start":{"line":55,"column":4},"end":{"line":55,"column":5}},"loc":{"start":{"line":55,"column":38},"end":{"line":57,"column":5}},"line":55}},"branchMap":{},"s":{"0":2,"1":1,"2":1,"3":1},"f":{"0":2,"1":1,"2":1,"3":0,"4":0,"5":0},"b":{},"_coverageSchema":"43e27e138ebf9cfc5966b082cf9a028302ed4184","hash":"d46c6ab1089fd12762fc1bfd2024e4ff926fab3d"}
,"/home/moreira/JEST/tp-jest/src/interval.js": {"path":"/home/moreira/JEST/tp-jest/src/interval.js","statementMap":{"0":{"start":{"line":3,"column":8},"end":{"line":3,"column":27}},"1":{"start":{"line":4,"column":8},"end":{"line":4,"column":22}},"2":{"start":{"line":26,"column":8},"end":{"line":26,"column":70}},"3":{"start":{"line":46,"column":8},"end":{"line":46,"column":70}},"4":{"start":{"line":66,"column":20},"end":{"line":66,"column":22}},"5":{"start":{"line":67,"column":8},"end":{"line":87,"column":9}},"6":{"start":{"line":68,"column":12},"end":{"line":80,"column":13}},"7":{"start":{"line":69,"column":16},"end":{"line":73,"column":17}},"8":{"start":{"line":70,"column":20},"end":{"line":70,"column":68}},"9":{"start":{"line":72,"column":20},"end":{"line":72,"column":72}},"10":{"start":{"line":75,"column":16},"end":{"line":79,"column":17}},"11":{"start":{"line":76,"column":20},"end":{"line":76,"column":72}},"12":{"start":{"line":78,"column":20},"end":{"line":78,"column":76}},"13":{"start":{"line":82,"column":12},"end":{"line":86,"column":13}},"14":{"start":{"line":83,"column":16},"end":{"line":83,"column":43}},"15":{"start":{"line":85,"column":16},"end":{"line":85,"column":42}},"16":{"start":{"line":88,"column":8},"end":{"line":88,"column":21}},"17":{"start":{"line":108,"column":20},"end":{"line":108,"column":22}},"18":{"start":{"line":109,"column":20},"end":{"line":109,"column":21}},"19":{"start":{"line":110,"column":18},"end":{"line":110,"column":19}},"20":{"start":{"line":111,"column":8},"end":{"line":123,"column":9}},"21":{"start":{"line":112,"column":12},"end":{"line":116,"column":13}},"22":{"start":{"line":113,"column":16},"end":{"line":113,"column":35}},"23":{"start":{"line":115,"column":16},"end":{"line":115,"column":39}},"24":{"start":{"line":117,"column":12},"end":{"line":121,"column":13}},"25":{"start":{"line":118,"column":16},"end":{"line":118,"column":31}},"26":{"start":{"line":120,"column":16},"end":{"line":120,"column":35}},"27":{"start":{"line":122,"column":12},"end":{"line":122,"column":48}},"28":{"start":{"line":125,"column":8},"end":{"line":125,"column":21}},"29":{"start":{"line":145,"column":20},"end":{"line":145,"column":22}},"30":{"start":{"line":146,"column":22},"end":{"line":146,"column":23}},"31":{"start":{"line":147,"column":20},"end":{"line":147,"column":21}},"32":{"start":{"line":148,"column":22},"end":{"line":148,"column":23}},"33":{"start":{"line":149,"column":20},"end":{"line":149,"column":21}},"34":{"start":{"line":150,"column":8},"end":{"line":184,"column":9}},"35":{"start":{"line":151,"column":12},"end":{"line":162,"column":13}},"36":{"start":{"line":152,"column":16},"end":{"line":152,"column":37}},"37":{"start":{"line":153,"column":16},"end":{"line":153,"column":39}},"38":{"start":{"line":154,"column":16},"end":{"line":154,"column":39}},"39":{"start":{"line":155,"column":16},"end":{"line":155,"column":33}},"40":{"start":{"line":158,"column":16},"end":{"line":158,"column":41}},"41":{"start":{"line":159,"column":16},"end":{"line":159,"column":35}},"42":{"start":{"line":160,"column":16},"end":{"line":160,"column":35}},"43":{"start":{"line":161,"column":16},"end":{"line":161,"column":37}},"44":{"start":{"line":163,"column":8},"end":{"line":163,"column":77}},"45":{"start":{"line":164,"column":14},"end":{"line":184,"column":9}},"46":{"start":{"line":165,"column":12},"end":{"line":176,"column":13}},"47":{"start":{"line":166,"column":16},"end":{"line":166,"column":37}},"48":{"start":{"line":167,"column":16},"end":{"line":167,"column":39}},"49":{"start":{"line":168,"column":16},"end":{"line":168,"column":35}},"50":{"start":{"line":169,"column":16},"end":{"line":169,"column":37}},"51":{"start":{"line":172,"column":16},"end":{"line":172,"column":41}},"52":{"start":{"line":173,"column":16},"end":{"line":173,"column":35}},"53":{"start":{"line":174,"column":16},"end":{"line":174,"column":39}},"54":{"start":{"line":175,"column":16},"end":{"line":175,"column":33}},"55":{"start":{"line":177,"column":12},"end":{"line":177,"column":81}},"56":{"start":{"line":179,"column":12},"end":{"line":183,"column":13}},"57":{"start":{"line":180,"column":16},"end":{"line":180,"column":43}},"58":{"start":{"line":182,"column":16},"end":{"line":182,"column":42}},"59":{"start":{"line":185,"column":8},"end":{"line":185,"column":21}},"60":{"start":{"line":190,"column":0},"end":{"line":190,"column":26}}},"fnMap":{"0":{"name":"(anonymous_0)","decl":{"start":{"line":2,"column":4},"end":{"line":2,"column":5}},"loc":{"start":{"line":2,"column":28},"end":{"line":5,"column":5}},"line":2},"1":{"name":"(anonymous_1)","decl":{"start":{"line":25,"column":4},"end":{"line":25,"column":5}},"loc":{"start":{"line":25,"column":23},"end":{"line":27,"column":5}},"line":25},"2":{"name":"(anonymous_2)","decl":{"start":{"line":45,"column":4},"end":{"line":45,"column":5}},"loc":{"start":{"line":45,"column":23},"end":{"line":47,"column":5}},"line":45},"3":{"name":"(anonymous_3)","decl":{"start":{"line":65,"column":4},"end":{"line":65,"column":5}},"loc":{"start":{"line":65,"column":20},"end":{"line":89,"column":5}},"line":65},"4":{"name":"(anonymous_4)","decl":{"start":{"line":107,"column":4},"end":{"line":107,"column":5}},"loc":{"start":{"line":107,"column":27},"end":{"line":126,"column":5}},"line":107},"5":{"name":"(anonymous_5)","decl":{"start":{"line":144,"column":4},"end":{"line":144,"column":5}},"loc":{"start":{"line":144,"column":24},"end":{"line":186,"column":5}},"line":144}},"branchMap":{"0":{"loc":{"start":{"line":26,"column":15},"end":{"line":26,"column":69}},"type":"binary-expr","locations":[{"start":{"line":26,"column":15},"end":{"line":26,"column":40}},{"start":{"line":26,"column":44},"end":{"line":26,"column":69}}],"line":26},"1":{"loc":{"start":{"line":46,"column":15},"end":{"line":46,"column":69}},"type":"binary-expr","locations":[{"start":{"line":46,"column":15},"end":{"line":46,"column":42}},{"start":{"line":46,"column":46},"end":{"line":46,"column":69}}],"line":46},"2":{"loc":{"start":{"line":67,"column":8},"end":{"line":87,"column":9}},"type":"if","locations":[{"start":{"line":67,"column":8},"end":{"line":87,"column":9}},{"start":{"line":67,"column":8},"end":{"line":87,"column":9}}],"line":67},"3":{"loc":{"start":{"line":68,"column":12},"end":{"line":80,"column":13}},"type":"if","locations":[{"start":{"line":68,"column":12},"end":{"line":80,"column":13}},{"start":{"line":68,"column":12},"end":{"line":80,"column":13}}],"line":68},"4":{"loc":{"start":{"line":69,"column":16},"end":{"line":73,"column":17}},"type":"if","locations":[{"start":{"line":69,"column":16},"end":{"line":73,"column":17}},{"start":{"line":69,"column":16},"end":{"line":73,"column":17}}],"line":69},"5":{"loc":{"start":{"line":75,"column":16},"end":{"line":79,"column":17}},"type":"if","locations":[{"start":{"line":75,"column":16},"end":{"line":79,"column":17}},{"start":{"line":75,"column":16},"end":{"line":79,"column":17}}],"line":75},"6":{"loc":{"start":{"line":82,"column":12},"end":{"line":86,"column":13}},"type":"if","locations":[{"start":{"line":82,"column":12},"end":{"line":86,"column":13}},{"start":{"line":82,"column":12},"end":{"line":86,"column":13}}],"line":82},"7":{"loc":{"start":{"line":82,"column":16},"end":{"line":82,"column":70}},"type":"binary-expr","locations":[{"start":{"line":82,"column":16},"end":{"line":82,"column":43}},{"start":{"line":82,"column":47},"end":{"line":82,"column":70}}],"line":82},"8":{"loc":{"start":{"line":111,"column":8},"end":{"line":123,"column":9}},"type":"if","locations":[{"start":{"line":111,"column":8},"end":{"line":123,"column":9}},{"start":{"line":111,"column":8},"end":{"line":123,"column":9}}],"line":111},"9":{"loc":{"start":{"line":112,"column":12},"end":{"line":116,"column":13}},"type":"if","locations":[{"start":{"line":112,"column":12},"end":{"line":116,"column":13}},{"start":{"line":112,"column":12},"end":{"line":116,"column":13}}],"line":112},"10":{"loc":{"start":{"line":117,"column":12},"end":{"line":121,"column":13}},"type":"if","locations":[{"start":{"line":117,"column":12},"end":{"line":121,"column":13}},{"start":{"line":117,"column":12},"end":{"line":121,"column":13}}],"line":117},"11":{"loc":{"start":{"line":150,"column":8},"end":{"line":184,"column":9}},"type":"if","locations":[{"start":{"line":150,"column":8},"end":{"line":184,"column":9}},{"start":{"line":150,"column":8},"end":{"line":184,"column":9}}],"line":150},"12":{"loc":{"start":{"line":150,"column":11},"end":{"line":150,"column":127}},"type":"binary-expr","locations":[{"start":{"line":150,"column":12},"end":{"line":150,"column":39}},{"start":{"line":150,"column":43},"end":{"line":150,"column":66}},{"start":{"line":150,"column":72},"end":{"line":150,"column":99}},{"start":{"line":150,"column":103},"end":{"line":150,"column":126}}],"line":150},"13":{"loc":{"start":{"line":151,"column":12},"end":{"line":162,"column":13}},"type":"if","locations":[{"start":{"line":151,"column":12},"end":{"line":162,"column":13}},{"start":{"line":151,"column":12},"end":{"line":162,"column":13}}],"line":151},"14":{"loc":{"start":{"line":164,"column":14},"end":{"line":184,"column":9}},"type":"if","locations":[{"start":{"line":164,"column":14},"end":{"line":184,"column":9}},{"start":{"line":164,"column":14},"end":{"line":184,"column":9}}],"line":164},"15":{"loc":{"start":{"line":164,"column":17},"end":{"line":164,"column":76}},"type":"binary-expr","locations":[{"start":{"line":164,"column":17},"end":{"line":164,"column":40}},{"start":{"line":164,"column":44},"end":{"line":164,"column":76}}],"line":164},"16":{"loc":{"start":{"line":165,"column":12},"end":{"line":176,"column":13}},"type":"if","locations":[{"start":{"line":165,"column":12},"end":{"line":176,"column":13}},{"start":{"line":165,"column":12},"end":{"line":176,"column":13}}],"line":165},"17":{"loc":{"start":{"line":179,"column":12},"end":{"line":183,"column":13}},"type":"if","locations":[{"start":{"line":179,"column":12},"end":{"line":183,"column":13}},{"start":{"line":179,"column":12},"end":{"line":183,"column":13}}],"line":179},"18":{"loc":{"start":{"line":179,"column":16},"end":{"line":179,"column":70}},"type":"binary-expr","locations":[{"start":{"line":179,"column":16},"end":{"line":179,"column":43}},{"start":{"line":179,"column":47},"end":{"line":179,"column":70}}],"line":179}},"s":{"0":44,"1":44,"2":19,"3":8,"4":6,"5":6,"6":4,"7":2,"8":1,"9":1,"10":2,"11":1,"12":1,"13":2,"14":1,"15":1,"16":6,"17":6,"18":6,"19":6,"20":6,"21":4,"22":2,"23":2,"24":4,"25":2,"26":2,"27":4,"28":6,"29":6,"30":6,"31":6,"32":6,"33":6,"34":6,"35":2,"36":1,"37":1,"38":1,"39":1,"40":1,"41":1,"42":1,"43":1,"44":2,"45":4,"46":2,"47":1,"48":1,"49":1,"50":1,"51":1,"52":1,"53":1,"54":1,"55":2,"56":2,"57":1,"58":1,"59":6,"60":1},"f":{"0":44,"1":19,"2":8,"3":6,"4":6,"5":6},"b":{"0":[19,15],"1":[8,4],"2":[4,2],"3":[2,2],"4":[1,1],"5":[1,1],"6":[1,1],"7":[2,1],"8":[4,2],"9":[2,2],"10":[2,2],"11":[2,4],"12":[6,3,5,3],"13":[1,1],"14":[2,2],"15":[4,2],"16":[1,1],"17":[1,1],"18":[2,1]},"_coverageSchema":"43e27e138ebf9cfc5966b082cf9a028302ed4184","hash":"109adf4b49e6fadcb2f214dc0f7b6f34e858ff77"}
,"/home/moreira/JEST/tp-jest/src/math.js": {"path":"/home/moreira/JEST/tp-jest/src/math.js","statementMap":{"0":{"start":{"line":1,"column":11},"end":{"line":1,"column":13}},"1":{"start":{"line":2,"column":0},"end":{"line":16,"column":2}},"2":{"start":{"line":3,"column":4},"end":{"line":5,"column":5}},"3":{"start":{"line":4,"column":8},"end":{"line":4,"column":17}},"4":{"start":{"line":7,"column":4},"end":{"line":9,"column":5}},"5":{"start":{"line":8,"column":8},"end":{"line":8,"column":27}},"6":{"start":{"line":11,"column":4},"end":{"line":13,"column":5}},"7":{"start":{"line":12,"column":8},"end":{"line":12,"column":29}},"8":{"start":{"line":15,"column":4},"end":{"line":15,"column":37}},"9":{"start":{"line":26,"column":0},"end":{"line":37,"column":2}},"10":{"start":{"line":27,"column":4},"end":{"line":29,"column":5}},"11":{"start":{"line":28,"column":8},"end":{"line":28,"column":21}},"12":{"start":{"line":30,"column":4},"end":{"line":32,"column":5}},"13":{"start":{"line":31,"column":8},"end":{"line":31,"column":49}},"14":{"start":{"line":33,"column":4},"end":{"line":34,"column":38}},"15":{"start":{"line":33,"column":17},"end":{"line":33,"column":18}},"16":{"start":{"line":34,"column":8},"end":{"line":34,"column":38}},"17":{"start":{"line":34,"column":25},"end":{"line":34,"column":38}},"18":{"start":{"line":35,"column":4},"end":{"line":35,"column":16}},"19":{"start":{"line":49,"column":0},"end":{"line":57,"column":2}},"20":{"start":{"line":50,"column":16},"end":{"line":50,"column":17}},"21":{"start":{"line":51,"column":4},"end":{"line":55,"column":5}},"22":{"start":{"line":51,"column":17},"end":{"line":51,"column":18}},"23":{"start":{"line":52,"column":8},"end":{"line":54,"column":9}},"24":{"start":{"line":53,"column":12},"end":{"line":53,"column":30}},"25":{"start":{"line":56,"column":4},"end":{"line":56,"column":17}},"26":{"start":{"line":71,"column":0},"end":{"line":85,"column":2}},"27":{"start":{"line":72,"column":16},"end":{"line":72,"column":18}},"28":{"start":{"line":73,"column":4},"end":{"line":83,"column":5}},"29":{"start":{"line":73,"column":17},"end":{"line":73,"column":18}},"30":{"start":{"line":74,"column":8},"end":{"line":82,"column":9}},"31":{"start":{"line":75,"column":12},"end":{"line":75,"column":35}},"32":{"start":{"line":76,"column":14},"end":{"line":82,"column":9}},"33":{"start":{"line":77,"column":12},"end":{"line":77,"column":31}},"34":{"start":{"line":78,"column":14},"end":{"line":82,"column":9}},"35":{"start":{"line":79,"column":12},"end":{"line":79,"column":31}},"36":{"start":{"line":81,"column":12},"end":{"line":81,"column":26}},"37":{"start":{"line":84,"column":4},"end":{"line":84,"column":17}},"38":{"start":{"line":96,"column":0},"end":{"line":110,"column":1}},"39":{"start":{"line":97,"column":20},"end":{"line":97,"column":22}},"40":{"start":{"line":98,"column":4},"end":{"line":108,"column":5}},"41":{"start":{"line":98,"column":16},"end":{"line":98,"column":17}},"42":{"start":{"line":99,"column":5},"end":{"line":107,"column":33}},"43":{"start":{"line":100,"column":8},"end":{"line":100,"column":84}},"44":{"start":{"line":101,"column":12},"end":{"line":107,"column":33}},"45":{"start":{"line":102,"column":8},"end":{"line":102,"column":84}},"46":{"start":{"line":103,"column":10},"end":{"line":107,"column":33}},"47":{"start":{"line":104,"column":8},"end":{"line":104,"column":45}},"48":{"start":{"line":105,"column":10},"end":{"line":107,"column":33}},"49":{"start":{"line":106,"column":8},"end":{"line":106,"column":45}},"50":{"start":{"line":107,"column":11},"end":{"line":107,"column":33}},"51":{"start":{"line":109,"column":4},"end":{"line":109,"column":21}},"52":{"start":{"line":113,"column":0},"end":{"line":113,"column":22}}},"fnMap":{"0":{"name":"(anonymous_0)","decl":{"start":{"line":2,"column":17},"end":{"line":2,"column":18}},"loc":{"start":{"line":2,"column":24},"end":{"line":16,"column":1}},"line":2},"1":{"name":"(anonymous_1)","decl":{"start":{"line":26,"column":15},"end":{"line":26,"column":16}},"loc":{"start":{"line":26,"column":28},"end":{"line":37,"column":1}},"line":26},"2":{"name":"(anonymous_2)","decl":{"start":{"line":49,"column":16},"end":{"line":49,"column":17}},"loc":{"start":{"line":49,"column":28},"end":{"line":57,"column":1}},"line":49},"3":{"name":"(anonymous_3)","decl":{"start":{"line":71,"column":16},"end":{"line":71,"column":17}},"loc":{"start":{"line":71,"column":28},"end":{"line":85,"column":1}},"line":71},"4":{"name":"(anonymous_4)","decl":{"start":{"line":96,"column":14},"end":{"line":96,"column":15}},"loc":{"start":{"line":96,"column":32},"end":{"line":110,"column":1}},"line":96}},"branchMap":{"0":{"loc":{"start":{"line":3,"column":4},"end":{"line":5,"column":5}},"type":"if","locations":[{"start":{"line":3,"column":4},"end":{"line":5,"column":5}},{"start":{"line":3,"column":4},"end":{"line":5,"column":5}}],"line":3},"1":{"loc":{"start":{"line":7,"column":4},"end":{"line":9,"column":5}},"type":"if","locations":[{"start":{"line":7,"column":4},"end":{"line":9,"column":5}},{"start":{"line":7,"column":4},"end":{"line":9,"column":5}}],"line":7},"2":{"loc":{"start":{"line":11,"column":4},"end":{"line":13,"column":5}},"type":"if","locations":[{"start":{"line":11,"column":4},"end":{"line":13,"column":5}},{"start":{"line":11,"column":4},"end":{"line":13,"column":5}}],"line":11},"3":{"loc":{"start":{"line":27,"column":4},"end":{"line":29,"column":5}},"type":"if","locations":[{"start":{"line":27,"column":4},"end":{"line":29,"column":5}},{"start":{"line":27,"column":4},"end":{"line":29,"column":5}}],"line":27},"4":{"loc":{"start":{"line":27,"column":8},"end":{"line":27,"column":26}},"type":"binary-expr","locations":[{"start":{"line":27,"column":8},"end":{"line":27,"column":15}},{"start":{"line":27,"column":19},"end":{"line":27,"column":26}}],"line":27},"5":{"loc":{"start":{"line":30,"column":4},"end":{"line":32,"column":5}},"type":"if","locations":[{"start":{"line":30,"column":4},"end":{"line":32,"column":5}},{"start":{"line":30,"column":4},"end":{"line":32,"column":5}}],"line":30},"6":{"loc":{"start":{"line":34,"column":8},"end":{"line":34,"column":38}},"type":"if","locations":[{"start":{"line":34,"column":8},"end":{"line":34,"column":38}},{"start":{"line":34,"column":8},"end":{"line":34,"column":38}}],"line":34},"7":{"loc":{"start":{"line":52,"column":8},"end":{"line":54,"column":9}},"type":"if","locations":[{"start":{"line":52,"column":8},"end":{"line":54,"column":9}},{"start":{"line":52,"column":8},"end":{"line":54,"column":9}}],"line":52},"8":{"loc":{"start":{"line":74,"column":8},"end":{"line":82,"column":9}},"type":"if","locations":[{"start":{"line":74,"column":8},"end":{"line":82,"column":9}},{"start":{"line":74,"column":8},"end":{"line":82,"column":9}}],"line":74},"9":{"loc":{"start":{"line":74,"column":12},"end":{"line":74,"column":36}},"type":"binary-expr","locations":[{"start":{"line":74,"column":12},"end":{"line":74,"column":22}},{"start":{"line":74,"column":26},"end":{"line":74,"column":36}}],"line":74},"10":{"loc":{"start":{"line":76,"column":14},"end":{"line":82,"column":9}},"type":"if","locations":[{"start":{"line":76,"column":14},"end":{"line":82,"column":9}},{"start":{"line":76,"column":14},"end":{"line":82,"column":9}}],"line":76},"11":{"loc":{"start":{"line":78,"column":14},"end":{"line":82,"column":9}},"type":"if","locations":[{"start":{"line":78,"column":14},"end":{"line":82,"column":9}},{"start":{"line":78,"column":14},"end":{"line":82,"column":9}}],"line":78},"12":{"loc":{"start":{"line":99,"column":5},"end":{"line":107,"column":33}},"type":"if","locations":[{"start":{"line":99,"column":5},"end":{"line":107,"column":33}},{"start":{"line":99,"column":5},"end":{"line":107,"column":33}}],"line":99},"13":{"loc":{"start":{"line":99,"column":8},"end":{"line":99,"column":64}},"type":"binary-expr","locations":[{"start":{"line":99,"column":8},"end":{"line":99,"column":34}},{"start":{"line":99,"column":38},"end":{"line":99,"column":64}}],"line":99},"14":{"loc":{"start":{"line":101,"column":12},"end":{"line":107,"column":33}},"type":"if","locations":[{"start":{"line":101,"column":12},"end":{"line":107,"column":33}},{"start":{"line":101,"column":12},"end":{"line":107,"column":33}}],"line":101},"15":{"loc":{"start":{"line":101,"column":16},"end":{"line":101,"column":73}},"type":"binary-expr","locations":[{"start":{"line":101,"column":16},"end":{"line":101,"column":42}},{"start":{"line":101,"column":46},"end":{"line":101,"column":73}}],"line":101},"16":{"loc":{"start":{"line":103,"column":10},"end":{"line":107,"column":33}},"type":"if","locations":[{"start":{"line":103,"column":10},"end":{"line":107,"column":33}},{"start":{"line":103,"column":10},"end":{"line":107,"column":33}}],"line":103},"17":{"loc":{"start":{"line":105,"column":10},"end":{"line":107,"column":33}},"type":"if","locations":[{"start":{"line":105,"column":10},"end":{"line":107,"column":33}},{"start":{"line":105,"column":10},"end":{"line":107,"column":33}}],"line":105}},"s":{"0":1,"1":1,"2":11,"3":3,"4":8,"5":1,"6":7,"7":1,"8":6,"9":1,"10":21,"11":2,"12":19,"13":1,"14":18,"15":18,"16":92,"17":7,"18":11,"19":1,"20":2,"21":2,"22":2,"23":12,"24":7,"25":2,"26":1,"27":1,"28":1,"29":1,"30":15,"31":1,"32":14,"33":4,"34":10,"35":2,"36":8,"37":1,"38":1,"39":3,"40":3,"41":3,"42":36,"43":10,"44":26,"45":17,"46":9,"47":1,"48":8,"49":1,"50":7,"51":3,"52":1},"f":{"0":11,"1":21,"2":2,"3":1,"4":3},"b":{"0":[3,8],"1":[1,7],"2":[1,6],"3":[2,19],"4":[21,20],"5":[1,18],"6":[7,85],"7":[7,5],"8":[1,14],"9":[15,5],"10":[4,10],"11":[2,8],"12":[10,26],"13":[36,29],"14":[17,9],"15":[26,18],"16":[1,8],"17":[1,7]},"_coverageSchema":"43e27e138ebf9cfc5966b082cf9a028302ed4184","hash":"925a3304965d51aa488eeb103990b7e226d52593"}
}
