{"/home/moreira/JEST/tp-jest/src/interval.js": {"path":"/home/moreira/JEST/tp-jest/src/interval.js","statementMap":{"0":{"start":{"line":3,"column":8},"end":{"line":3,"column":27}},"1":{"start":{"line":4,"column":8},"end":{"line":4,"column":22}},"2":{"start":{"line":8,"column":8},"end":{"line":8,"column":55}},"3":{"start":{"line":26,"column":8},"end":{"line":26,"column":70}},"4":{"start":{"line":46,"column":8},"end":{"line":46,"column":70}},"5":{"start":{"line":66,"column":20},"end":{"line":66,"column":22}},"6":{"start":{"line":67,"column":8},"end":{"line":83,"column":9}},"7":{"start":{"line":68,"column":12},"end":{"line":80,"column":13}},"8":{"start":{"line":69,"column":16},"end":{"line":73,"column":17}},"9":{"start":{"line":70,"column":20},"end":{"line":70,"column":68}},"10":{"start":{"line":72,"column":20},"end":{"line":72,"column":72}},"11":{"start":{"line":75,"column":16},"end":{"line":79,"column":17}},"12":{"start":{"line":76,"column":20},"end":{"line":76,"column":72}},"13":{"start":{"line":78,"column":20},"end":{"line":78,"column":76}},"14":{"start":{"line":82,"column":12},"end":{"line":82,"column":39}},"15":{"start":{"line":84,"column":8},"end":{"line":84,"column":21}},"16":{"start":{"line":104,"column":20},"end":{"line":104,"column":22}},"17":{"start":{"line":105,"column":20},"end":{"line":105,"column":21}},"18":{"start":{"line":106,"column":18},"end":{"line":106,"column":19}},"19":{"start":{"line":107,"column":8},"end":{"line":119,"column":9}},"20":{"start":{"line":108,"column":12},"end":{"line":112,"column":13}},"21":{"start":{"line":109,"column":16},"end":{"line":109,"column":35}},"22":{"start":{"line":111,"column":16},"end":{"line":111,"column":39}},"23":{"start":{"line":113,"column":12},"end":{"line":117,"column":13}},"24":{"start":{"line":114,"column":16},"end":{"line":114,"column":31}},"25":{"start":{"line":116,"column":16},"end":{"line":116,"column":35}},"26":{"start":{"line":118,"column":12},"end":{"line":118,"column":48}},"27":{"start":{"line":121,"column":8},"end":{"line":121,"column":21}},"28":{"start":{"line":145,"column":0},"end":{"line":145,"column":26}}},"fnMap":{"0":{"name":"(anonymous_0)","decl":{"start":{"line":2,"column":4},"end":{"line":2,"column":5}},"loc":{"start":{"line":2,"column":28},"end":{"line":5,"column":5}},"line":2},"1":{"name":"(anonymous_1)","decl":{"start":{"line":7,"column":4},"end":{"line":7,"column":5}},"loc":{"start":{"line":7,"column":15},"end":{"line":9,"column":5}},"line":7},"2":{"name":"(anonymous_2)","decl":{"start":{"line":25,"column":4},"end":{"line":25,"column":5}},"loc":{"start":{"line":25,"column":23},"end":{"line":27,"column":5}},"line":25},"3":{"name":"(anonymous_3)","decl":{"start":{"line":45,"column":4},"end":{"line":45,"column":5}},"loc":{"start":{"line":45,"column":23},"end":{"line":47,"column":5}},"line":45},"4":{"name":"(anonymous_4)","decl":{"start":{"line":65,"column":4},"end":{"line":65,"column":5}},"loc":{"start":{"line":65,"column":20},"end":{"line":85,"column":5}},"line":65},"5":{"name":"(anonymous_5)","decl":{"start":{"line":103,"column":4},"end":{"line":103,"column":5}},"loc":{"start":{"line":103,"column":27},"end":{"line":122,"column":5}},"line":103},"6":{"name":"(anonymous_6)","decl":{"start":{"line":140,"column":4},"end":{"line":140,"column":5}},"loc":{"start":{"line":140,"column":24},"end":{"line":142,"column":5}},"line":140}},"branchMap":{"0":{"loc":{"start":{"line":26,"column":15},"end":{"line":26,"column":69}},"type":"binary-expr","locations":[{"start":{"line":26,"column":15},"end":{"line":26,"column":40}},{"start":{"line":26,"column":44},"end":{"line":26,"column":69}}],"line":26},"1":{"loc":{"start":{"line":46,"column":15},"end":{"line":46,"column":69}},"type":"binary-expr","locations":[{"start":{"line":46,"column":15},"end":{"line":46,"column":42}},{"start":{"line":46,"column":46},"end":{"line":46,"column":69}}],"line":46},"2":{"loc":{"start":{"line":67,"column":8},"end":{"line":83,"column":9}},"type":"if","locations":[{"start":{"line":67,"column":8},"end":{"line":83,"column":9}},{"start":{"line":67,"column":8},"end":{"line":83,"column":9}}],"line":67},"3":{"loc":{"start":{"line":68,"column":12},"end":{"line":80,"column":13}},"type":"if","locations":[{"start":{"line":68,"column":12},"end":{"line":80,"column":13}},{"start":{"line":68,"column":12},"end":{"line":80,"column":13}}],"line":68},"4":{"loc":{"start":{"line":69,"column":16},"end":{"line":73,"column":17}},"type":"if","locations":[{"start":{"line":69,"column":16},"end":{"line":73,"column":17}},{"start":{"line":69,"column":16},"end":{"line":73,"column":17}}],"line":69},"5":{"loc":{"start":{"line":75,"column":16},"end":{"line":79,"column":17}},"type":"if","locations":[{"start":{"line":75,"column":16},"end":{"line":79,"column":17}},{"start":{"line":75,"column":16},"end":{"line":79,"column":17}}],"line":75},"6":{"loc":{"start":{"line":107,"column":8},"end":{"line":119,"column":9}},"type":"if","locations":[{"start":{"line":107,"column":8},"end":{"line":119,"column":9}},{"start":{"line":107,"column":8},"end":{"line":119,"column":9}}],"line":107},"7":{"loc":{"start":{"line":108,"column":12},"end":{"line":112,"column":13}},"type":"if","locations":[{"start":{"line":108,"column":12},"end":{"line":112,"column":13}},{"start":{"line":108,"column":12},"end":{"line":112,"column":13}}],"line":108},"8":{"loc":{"start":{"line":113,"column":12},"end":{"line":117,"column":13}},"type":"if","locations":[{"start":{"line":113,"column":12},"end":{"line":117,"column":13}},{"start":{"line":113,"column":12},"end":{"line":117,"column":13}}],"line":113}},"s":{"0":18,"1":18,"2":0,"3":10,"4":3,"5":5,"6":5,"7":4,"8":2,"9":1,"10":1,"11":2,"12":1,"13":1,"14":1,"15":5,"16":3,"17":3,"18":3,"19":3,"20":2,"21":1,"22":1,"23":2,"24":1,"25":1,"26":2,"27":3,"28":1},"f":{"0":18,"1":0,"2":10,"3":3,"4":5,"5":3,"6":0},"b":{"0":[10,7],"1":[3,3],"2":[4,1],"3":[2,2],"4":[1,1],"5":[1,1],"6":[2,1],"7":[1,1],"8":[1,1]},"_coverageSchema":"43e27e138ebf9cfc5966b082cf9a028302ed4184","hash":"55f1f93df33e15acabc691d281ae7b805a327770"}
}
