TN:
SF:/home/moreira/JEST/tp-jest/src/book.repository.js
FN:6,(anonymous_0)
FN:10,(anonymous_1)
FN:17,(anonymous_2)
FN:24,(anonymous_3)
FN:32,(anonymous_4)
FN:55,(anonymous_5)
FNF:6
FNH:3
FNDA:2,(anonymous_0)
FNDA:1,(anonymous_1)
FNDA:1,(anonymous_2)
FNDA:0,(anonymous_3)
FNDA:0,(anonymous_4)
FNDA:0,(anonymous_5)
DA:7,2
DA:11,1
DA:18,1
DA:62,1
LF:4
LH:4
BRF:0
BRH:0
end_of_record
TN:
SF:/home/moreira/JEST/tp-jest/src/interval.js
FN:2,(anonymous_0)
FN:25,(anonymous_1)
FN:45,(anonymous_2)
FN:65,(anonymous_3)
FN:107,(anonymous_4)
FN:144,(anonymous_5)
FNF:6
FNH:6
FNDA:44,(anonymous_0)
FNDA:19,(anonymous_1)
FNDA:8,(anonymous_2)
FNDA:6,(anonymous_3)
FNDA:6,(anonymous_4)
FNDA:6,(anonymous_5)
DA:3,44
DA:4,44
DA:26,19
DA:46,8
DA:66,6
DA:67,6
DA:68,4
DA:69,2
DA:70,1
DA:72,1
DA:75,2
DA:76,1
DA:78,1
DA:82,2
DA:83,1
DA:85,1
DA:88,6
DA:108,6
DA:109,6
DA:110,6
DA:111,6
DA:112,4
DA:113,2
DA:115,2
DA:117,4
DA:118,2
DA:120,2
DA:122,4
DA:125,6
DA:145,6
DA:146,6
DA:147,6
DA:148,6
DA:149,6
DA:150,6
DA:151,2
DA:152,1
DA:153,1
DA:154,1
DA:155,1
DA:158,1
DA:159,1
DA:160,1
DA:161,1
DA:163,2
DA:164,4
DA:165,2
DA:166,1
DA:167,1
DA:168,1
DA:169,1
DA:172,1
DA:173,1
DA:174,1
DA:175,1
DA:177,2
DA:179,2
DA:180,1
DA:182,1
DA:185,6
DA:190,1
LF:61
LH:61
BRDA:26,0,0,19
BRDA:26,0,1,15
BRDA:46,1,0,8
BRDA:46,1,1,4
BRDA:67,2,0,4
BRDA:67,2,1,2
BRDA:68,3,0,2
BRDA:68,3,1,2
BRDA:69,4,0,1
BRDA:69,4,1,1
BRDA:75,5,0,1
BRDA:75,5,1,1
BRDA:82,6,0,1
BRDA:82,6,1,1
BRDA:82,7,0,2
BRDA:82,7,1,1
BRDA:111,8,0,4
BRDA:111,8,1,2
BRDA:112,9,0,2
BRDA:112,9,1,2
BRDA:117,10,0,2
BRDA:117,10,1,2
BRDA:150,11,0,2
BRDA:150,11,1,4
BRDA:150,12,0,6
BRDA:150,12,1,3
BRDA:150,12,2,5
BRDA:150,12,3,3
BRDA:151,13,0,1
BRDA:151,13,1,1
BRDA:164,14,0,2
BRDA:164,14,1,2
BRDA:164,15,0,4
BRDA:164,15,1,2
BRDA:165,16,0,1
BRDA:165,16,1,1
BRDA:179,17,0,1
BRDA:179,17,1,1
BRDA:179,18,0,2
BRDA:179,18,1,1
BRF:40
BRH:40
end_of_record
TN:
SF:/home/moreira/JEST/tp-jest/src/math.js
FN:2,(anonymous_0)
FN:26,(anonymous_1)
FN:49,(anonymous_2)
FN:71,(anonymous_3)
FN:96,(anonymous_4)
FNF:5
FNH:5
FNDA:11,(anonymous_0)
FNDA:21,(anonymous_1)
FNDA:2,(anonymous_2)
FNDA:1,(anonymous_3)
FNDA:3,(anonymous_4)
DA:1,1
DA:2,1
DA:3,11
DA:4,3
DA:7,8
DA:8,1
DA:11,7
DA:12,1
DA:15,6
DA:26,1
DA:27,21
DA:28,2
DA:30,19
DA:31,1
DA:33,18
DA:34,92
DA:35,11
DA:49,1
DA:50,2
DA:51,2
DA:52,12
DA:53,7
DA:56,2
DA:71,1
DA:72,1
DA:73,1
DA:74,15
DA:75,1
DA:76,14
DA:77,4
DA:78,10
DA:79,2
DA:81,8
DA:84,1
DA:96,1
DA:97,3
DA:98,3
DA:99,36
DA:100,10
DA:101,26
DA:102,17
DA:103,9
DA:104,1
DA:105,8
DA:106,1
DA:107,7
DA:109,3
DA:113,1
LF:48
LH:48
BRDA:3,0,0,3
BRDA:3,0,1,8
BRDA:7,1,0,1
BRDA:7,1,1,7
BRDA:11,2,0,1
BRDA:11,2,1,6
BRDA:27,3,0,2
BRDA:27,3,1,19
BRDA:27,4,0,21
BRDA:27,4,1,20
BRDA:30,5,0,1
BRDA:30,5,1,18
BRDA:34,6,0,7
BRDA:34,6,1,85
BRDA:52,7,0,7
BRDA:52,7,1,5
BRDA:74,8,0,1
BRDA:74,8,1,14
BRDA:74,9,0,15
BRDA:74,9,1,5
BRDA:76,10,0,4
BRDA:76,10,1,10
BRDA:78,11,0,2
BRDA:78,11,1,8
BRDA:99,12,0,10
BRDA:99,12,1,26
BRDA:99,13,0,36
BRDA:99,13,1,29
BRDA:101,14,0,17
BRDA:101,14,1,9
BRDA:101,15,0,26
BRDA:101,15,1,18
BRDA:103,16,0,1
BRDA:103,16,1,8
BRDA:105,17,0,1
BRDA:105,17,1,7
BRF:36
BRH:36
end_of_record
