TN:
SF:/home/moreira/JEST/tp-jest/src/interval.js
FN:2,(anonymous_0)
FN:7,(anonymous_1)
FN:25,(anonymous_2)
FN:45,(anonymous_3)
FN:65,(anonymous_4)
FN:103,(anonymous_5)
FN:140,(anonymous_6)
FNF:7
FNH:5
FNDA:18,(anonymous_0)
FNDA:0,(anonymous_1)
FNDA:10,(anonymous_2)
FNDA:3,(anonymous_3)
FNDA:5,(anonymous_4)
FNDA:3,(anonymous_5)
FNDA:0,(anonymous_6)
DA:3,18
DA:4,18
DA:8,0
DA:26,10
DA:46,3
DA:66,5
DA:67,5
DA:68,4
DA:69,2
DA:70,1
DA:72,1
DA:75,2
DA:76,1
DA:78,1
DA:82,1
DA:84,5
DA:104,3
DA:105,3
DA:106,3
DA:107,3
DA:108,2
DA:109,1
DA:111,1
DA:113,2
DA:114,1
DA:116,1
DA:118,2
DA:121,3
DA:145,1
LF:29
LH:28
BRDA:26,0,0,10
BRDA:26,0,1,7
BRDA:46,1,0,3
BRDA:46,1,1,3
BRDA:67,2,0,4
BRDA:67,2,1,1
BRDA:68,3,0,2
BRDA:68,3,1,2
BRDA:69,4,0,1
BRDA:69,4,1,1
BRDA:75,5,0,1
BRDA:75,5,1,1
BRDA:107,6,0,2
BRDA:107,6,1,1
BRDA:108,7,0,1
BRDA:108,7,1,1
BRDA:113,8,0,1
BRDA:113,8,1,1
BRF:18
BRH:18
end_of_record
